生成启动时间为 2016/7/7 13:21:47。
     1>项目“D:\DESIGN\cpp\learnCV\template\template\template.vcxproj”在节点 2 上(build 个目标)。
     1>InitializeBuildStatus:
         正在对“Debug\template.unsuccessfulbuild”执行 Touch 任务。
       ClCompile:
         D:\DesignTool\VS2010\VC\bin\CL.exe /c /ZI /nologo /W3 /WX- /Od /Oy- /D _MBCS /Gm /EHsc /RTC1 /MDd /GS /fp:precise /Zc:wchar_t /Zc:forScope /Fo"Debug\\" /Fd"Debug\vc100.pdb" /Gd /TP /analyze- /errorReport:prompt main.cpp mswap.cpp
         main.cpp
         正在生成代码...
         正在编译...
         mswap.cpp
         正在生成代码...
       Link:
         D:\DesignTool\VS2010\VC\bin\link.exe /ERRORREPORT:PROMPT /OUT:"D:\DESIGN\cpp\learnCV\template\Debug\template.exe" /NOLOGO opencv_calib3d2410d.lib opencv_contrib2410d.lib opencv_core2410d.lib opencv_features2d2410d.lib opencv_flann2410d.lib opencv_gpu2410d.lib opencv_highgui2410d.lib opencv_imgproc2410d.lib opencv_legacy2410d.lib opencv_ml2410d.lib opencv_nonfree2410d.lib opencv_objdetect2410d.lib opencv_ocl2410d.lib opencv_photo2410d.lib opencv_stitching2410d.lib opencv_superres2410d.lib opencv_ts2410d.lib opencv_video2410d.lib opencv_videostab2410d.lib kernel32.lib user32.lib gdi32.lib winspool.lib comdlg32.lib advapi32.lib shell32.lib ole32.lib oleaut32.lib uuid.lib odbc32.lib odbccp32.lib /MANIFEST /ManifestFile:"Debug\template.exe.intermediate.manifest" /MANIFESTUAC:"level='asInvoker' uiAccess='false'" /DEBUG /PDB:"D:\DESIGN\cpp\learnCV\template\Debug\template.pdb" /TLBID:1 /DYNAMICBASE /NXCOMPAT /IMPLIB:"D:\DESIGN\cpp\learnCV\template\Debug\template.lib" /MACHINE:X86 Debug\main.obj
         Debug\mswap.obj
         template.vcxproj -> D:\DESIGN\cpp\learnCV\template\Debug\template.exe
       Manifest:
         C:\Program Files (x86)\Microsoft SDKs\Windows\v7.0A\bin\mt.exe /nologo /verbose /outputresource:"D:\DESIGN\cpp\learnCV\template\Debug\template.exe;#1" /manifest Debug\template.exe.intermediate.manifest
       FinalizeBuildStatus:
         正在删除文件“Debug\template.unsuccessfulbuild”。
         正在对“Debug\template.lastbuildstate”执行 Touch 任务。
     1>已完成生成项目“D:\DESIGN\cpp\learnCV\template\template\template.vcxproj”(build 个目标)的操作。

生成成功。

已用时间 00:00:00.94
