生成启动时间为 2016/6/19 9:50:11。
     1>项目“D:\DESIGN\cpp\learnCV\demo2\demo2\demo2.vcxproj”在节点 2 上(build 个目标)。
     1>InitializeBuildStatus:
         正在创建“Debug\demo2.unsuccessfulbuild”，因为已指定“AlwaysCreate”。
       ClCompile:
         D:\DesignTool\VS2010\VC\bin\CL.exe /c /ZI /nologo /W3 /WX- /Od /Oy- /D _MBCS /Gm /EHsc /RTC1 /MDd /GS /fp:precise /Zc:wchar_t /Zc:forScope /Fo"Debug\\" /Fd"Debug\vc100.pdb" /Gd /TP /analyze- /errorReport:prompt main.cpp test_bayes.cpp test_boosting.cpp test_dtree.cpp test_knn.cpp test_rt.cpp test_svm.cpp
         test_knn.cpp
     1>d:\design\cpp\cv_lib\opencv\build\include\opencv2\flann\logger.h(66): warning C4996: 'fopen': This function or variable may be unsafe. Consider using fopen_s instead. To disable deprecation, use _CRT_SECURE_NO_WARNINGS. See online help for details.
                 d:\designtool\vs2010\vc\include\stdio.h(234) : 参见“fopen”的声明
     1>d:\design\cpp\learncv\demo2\demo2\test_knn.cpp(20): warning C4244: “参数”: 从“float”转换到“int”，可能丢失数据
     1>d:\design\cpp\learncv\demo2\demo2\test_knn.cpp(20): warning C4244: “参数”: 从“float”转换到“int”，可能丢失数据
     1>d:\design\cpp\learncv\demo2\demo2\test_knn.cpp(22): warning C4244: “参数”: 从“float”转换到“int”，可能丢失数据
     1>d:\design\cpp\learncv\demo2\demo2\test_knn.cpp(22): warning C4244: “参数”: 从“float”转换到“int”，可能丢失数据
         main.cpp
     1>d:\design\cpp\cv_lib\opencv\build\include\opencv2\flann\logger.h(66): warning C4996: 'fopen': This function or variable may be unsafe. Consider using fopen_s instead. To disable deprecation, use _CRT_SECURE_NO_WARNINGS. See online help for details.
                 d:\designtool\vs2010\vc\include\stdio.h(234) : 参见“fopen”的声明
     1>d:\design\cpp\learncv\demo2\demo2\main.cpp(28): warning C4244: “=”: 从“double”转换到“float”，可能丢失数据
     1>d:\design\cpp\learncv\demo2\demo2\main.cpp(29): warning C4244: “=”: 从“double”转换到“float”，可能丢失数据
     1>d:\design\cpp\learncv\demo2\demo2\main.cpp(37): warning C4244: “=”: 从“int”转换到“float”，可能丢失数据
     1>d:\design\cpp\learncv\demo2\demo2\main.cpp(40): warning C4244: “参数”: 从“float”转换到“int”，可能丢失数据
     1>d:\design\cpp\learncv\demo2\demo2\main.cpp(40): warning C4244: “参数”: 从“float”转换到“int”，可能丢失数据
     1>d:\design\cpp\learncv\demo2\demo2\main.cpp(42): warning C4244: “参数”: 从“float”转换到“int”，可能丢失数据
     1>d:\design\cpp\learncv\demo2\demo2\main.cpp(42): warning C4244: “参数”: 从“float”转换到“int”，可能丢失数据
         正在生成代码...
         正在编译...
         test_svm.cpp
     1>d:\design\cpp\cv_lib\opencv\build\include\opencv2\flann\logger.h(66): warning C4996: 'fopen': This function or variable may be unsafe. Consider using fopen_s instead. To disable deprecation, use _CRT_SECURE_NO_WARNINGS. See online help for details.
                 d:\designtool\vs2010\vc\include\stdio.h(234) : 参见“fopen”的声明
     1>d:\design\cpp\learncv\demo2\demo2\test_svm.cpp(39): warning C4244: “参数”: 从“float”转换到“int”，可能丢失数据
     1>d:\design\cpp\learncv\demo2\demo2\test_svm.cpp(39): warning C4244: “参数”: 从“float”转换到“int”，可能丢失数据
     1>d:\design\cpp\learncv\demo2\demo2\test_svm.cpp(41): warning C4244: “参数”: 从“float”转换到“int”，可能丢失数据
     1>d:\design\cpp\learncv\demo2\demo2\test_svm.cpp(41): warning C4244: “参数”: 从“float”转换到“int”，可能丢失数据
         test_rt.cpp
     1>d:\design\cpp\cv_lib\opencv\build\include\opencv2\flann\logger.h(66): warning C4996: 'fopen': This function or variable may be unsafe. Consider using fopen_s instead. To disable deprecation, use _CRT_SECURE_NO_WARNINGS. See online help for details.
                 d:\designtool\vs2010\vc\include\stdio.h(234) : 参见“fopen”的声明
         test_dtree.cpp
     1>d:\design\cpp\cv_lib\opencv\build\include\opencv2\flann\logger.h(66): warning C4996: 'fopen': This function or variable may be unsafe. Consider using fopen_s instead. To disable deprecation, use _CRT_SECURE_NO_WARNINGS. See online help for details.
                 d:\designtool\vs2010\vc\include\stdio.h(234) : 参见“fopen”的声明
         test_boosting.cpp
     1>d:\design\cpp\cv_lib\opencv\build\include\opencv2\flann\logger.h(66): warning C4996: 'fopen': This function or variable may be unsafe. Consider using fopen_s instead. To disable deprecation, use _CRT_SECURE_NO_WARNINGS. See online help for details.
                 d:\designtool\vs2010\vc\include\stdio.h(234) : 参见“fopen”的声明
         test_bayes.cpp
     1>d:\design\cpp\cv_lib\opencv\build\include\opencv2\flann\logger.h(66): warning C4996: 'fopen': This function or variable may be unsafe. Consider using fopen_s instead. To disable deprecation, use _CRT_SECURE_NO_WARNINGS. See online help for details.
                 d:\designtool\vs2010\vc\include\stdio.h(234) : 参见“fopen”的声明
     1>d:\design\cpp\learncv\demo2\demo2\test_bayes.cpp(33): warning C4244: “参数”: 从“float”转换到“int”，可能丢失数据
     1>d:\design\cpp\learncv\demo2\demo2\test_bayes.cpp(33): warning C4244: “参数”: 从“float”转换到“int”，可能丢失数据
     1>d:\design\cpp\learncv\demo2\demo2\test_bayes.cpp(35): warning C4244: “参数”: 从“float”转换到“int”，可能丢失数据
     1>d:\design\cpp\learncv\demo2\demo2\test_bayes.cpp(35): warning C4244: “参数”: 从“float”转换到“int”，可能丢失数据
         正在生成代码...
       Link:
         D:\DesignTool\VS2010\VC\bin\link.exe /ERRORREPORT:PROMPT /OUT:"D:\DESIGN\cpp\learnCV\demo2\Debug\demo2.exe" /NOLOGO opencv_calib3d2410d.lib opencv_contrib2410d.lib opencv_core2410d.lib opencv_features2d2410d.lib opencv_flann2410d.lib opencv_gpu2410d.lib opencv_highgui2410d.lib opencv_imgproc2410d.lib opencv_legacy2410d.lib opencv_ml2410d.lib opencv_nonfree2410d.lib opencv_objdetect2410d.lib opencv_ocl2410d.lib opencv_photo2410d.lib opencv_stitching2410d.lib opencv_superres2410d.lib opencv_ts2410d.lib opencv_video2410d.lib opencv_videostab2410d.lib kernel32.lib user32.lib gdi32.lib winspool.lib comdlg32.lib advapi32.lib shell32.lib ole32.lib oleaut32.lib uuid.lib odbc32.lib odbccp32.lib /MANIFEST /ManifestFile:"Debug\demo2.exe.intermediate.manifest" /MANIFESTUAC:"level='asInvoker' uiAccess='false'" /DEBUG /PDB:"D:\DESIGN\cpp\learnCV\demo2\Debug\demo2.pdb" /TLBID:1 /DYNAMICBASE /NXCOMPAT /IMPLIB:"D:\DESIGN\cpp\learnCV\demo2\Debug\demo2.lib" /MACHINE:X86 Debug\main.obj
         Debug\test_bayes.obj
         Debug\test_boosting.obj
         Debug\test_dtree.obj
         Debug\test_knn.obj
         Debug\test_rt.obj
         Debug\test_svm.obj
         LINK : 没有找到 D:\DESIGN\cpp\learnCV\demo2\Debug\demo2.exe 或上一个增量链接没有生成它；正在执行完全链接
     1>test_bayes.obj : error LNK2005: "int a" (?a@@3HA) 已经在 main.obj 中定义
     1>test_boosting.obj : error LNK2005: "int a" (?a@@3HA) 已经在 main.obj 中定义
     1>test_dtree.obj : error LNK2005: "int a" (?a@@3HA) 已经在 main.obj 中定义
     1>test_knn.obj : error LNK2005: "int a" (?a@@3HA) 已经在 main.obj 中定义
     1>test_rt.obj : error LNK2005: "int a" (?a@@3HA) 已经在 main.obj 中定义
     1>test_svm.obj : error LNK2005: "int a" (?a@@3HA) 已经在 main.obj 中定义
     1>D:\DESIGN\cpp\learnCV\demo2\Debug\demo2.exe : fatal error LNK1169: 找到一个或多个多重定义的符号
     1>已完成生成项目“D:\DESIGN\cpp\learnCV\demo2\demo2\demo2.vcxproj”(build 个目标)的操作 - 失败。

生成失败。

已用时间 00:00:16.72
